Processing 123138 in molecule_prad_1.smi (1/99). 
Processing 615590 in molecule_prad_1.smi (5/99). 
Processing 741909 in molecule_prad_1.smi (10/99). 
Processing 50869 in molecule_prad_1.smi (4/99). 
Processing 150412 in molecule_prad_1.smi (3/99). 
Processing 729189 in molecule_prad_1.smi (9/99). 
Processing 667880 in molecule_prad_1.smi (7/99). 
Processing 123829 in molecule_prad_1.smi (2/99). 
Processing 630600 in molecule_prad_1.smi (6/99). 
Processing 720427 in molecule_prad_1.smi (8/99). 
Processing 743380 in molecule_prad_1.smi (11/99). Average speed: 0.68 s/mol.
Processing 765771 in molecule_prad_1.smi (12/99). Average speed: 0.38 s/mol.
Processing A-366 in molecule_prad_1.smi (13/99). Average speed: 0.27 s/mol.
Processing ABT737 in molecule_prad_1.smi (14/99). Average speed: 0.20 s/mol.
Processing AGI-5198 in molecule_prad_1.smi (15/99). Average speed: 0.16 s/mol.
Processing AGI-6780 in molecule_prad_1.smi (16/99). Average speed: 0.14 s/mol.
Processing AGK2 in molecule_prad_1.smi (17/99). Average speed: 0.12 s/mol.
Processing AMG-319 in molecule_prad_1.smi (18/99). Average speed: 0.10 s/mol.
Processing AT13148 in molecule_prad_1.smi (19/99). Average speed: 0.09 s/mol.
Processing AZ6102 in molecule_prad_1.smi (20/99). Average speed: 0.09 s/mol.
Processing AZD2014 in molecule_prad_1.smi (24/99). Average speed: 0.07 s/mol.
Processing AZ960 in molecule_prad_1.smi (21/99). Average speed: 0.08 s/mol.
Processing AZD1332 in molecule_prad_1.smi (23/99). Average speed: 0.07 s/mol.
Processing AZD1208 in molecule_prad_1.smi (22/99). Average speed: 0.07 s/mol.
Processing AZD3759 in molecule_prad_1.smi (25/99). Average speed: 0.07 s/mol.
Processing AZD4547 in molecule_prad_1.smi (26/99). Average speed: 0.06 s/mol.
Processing AZD5153 in molecule_prad_1.smi (27/99). Average speed: 0.05 s/mol.
Processing AZD5363 in molecule_prad_1.smi (28/99). Average speed: 0.05 s/mol.
Processing AZD5438 in molecule_prad_1.smi (29/99). Average speed: 0.05 s/mol.
Processing AZD5582 in molecule_prad_1.smi (30/99). Average speed: 0.05 s/mol.
Processing AZD5991 in molecule_prad_1.smi (31/99). Average speed: 0.05 s/mol.
Processing AZD7762 in molecule_prad_1.smi (33/99). Average speed: 0.04 s/mol.
Processing AZD6738 in molecule_prad_1.smi (32/99). Average speed: 0.04 s/mol.
Processing AZD8055 in molecule_prad_1.smi (34/99). Average speed: 0.04 s/mol.
Processing AZD8186 in molecule_prad_1.smi (35/99). Average speed: 0.04 s/mol.
Processing Afatinib in molecule_prad_1.smi (36/99). Average speed: 0.04 s/mol.
Processing Alpelisib in molecule_prad_1.smi (39/99). Average speed: 0.04 s/mol.
Processing Alisertib in molecule_prad_1.smi (38/99). Average speed: 0.04 s/mol.
Processing Afuresertib in molecule_prad_1.smi (37/99). Average speed: 0.04 s/mol.
Processing Avagacestat in molecule_prad_1.smi (40/99). Average speed: 0.04 s/mol.
Processing Axitinib in molecule_prad_1.smi (41/99). Average speed: 0.04 s/mol.
Processing BI-2536 in molecule_prad_1.smi (42/99). Average speed: 0.03 s/mol.
Processing BIBR-1532 in molecule_prad_1.smi (43/99). Average speed: 0.03 s/mol.
Processing BMS-345541 in molecule_prad_1.smi (44/99). Average speed: 0.04 s/mol.
Processing BMS-536924 in molecule_prad_1.smi (45/99). Average speed: 0.04 s/mol.
Processing BMS-754807 in molecule_prad_1.smi (46/99). Average speed: 0.03 s/mol.
Processing Bleomycin in molecule_prad_1.smi (47/99). Average speed: 0.03 s/mol.
Processing Bortezomib in molecule_prad_1.smi (48/99). Average speed: 0.03 s/mol.
Processing Bosutinib in molecule_prad_1.smi (49/99). Average speed: 0.03 s/mol.
Processing Bromosporine in molecule_prad_1.smi (50/99). Average speed: 0.03 s/mol.
Processing Buparlisib in molecule_prad_1.smi (51/99). Average speed: 0.03 s/mol.
Processing CCT007093 in molecule_prad_1.smi (52/99). Average speed: 0.03 s/mol.
Processing CPI-637 in molecule_prad_1.smi (53/99). Average speed: 0.03 s/mol.
Processing CZC24832 in molecule_prad_1.smi (54/99). Average speed: 0.03 s/mol.
Processing Cediranib in molecule_prad_1.smi (56/99). Average speed: 0.03 s/mol.
Processing Dactinomycin in molecule_prad_1.smi (62/99). Average speed: 0.03 s/mol.
Processing Crizotinib in molecule_prad_1.smi (58/99). Average speed: 0.03 s/mol.
Processing Cisplatin in molecule_prad_1.smi (57/99). Average speed: 0.03 s/mol.
Processing Cytarabine in molecule_prad_1.smi (60/99). Average speed: 0.03 s/mol.
Processing Camptothecin in molecule_prad_1.smi (55/99). Average speed: 0.03 s/mol.
Processing Dabrafenib in molecule_prad_1.smi (61/99). Average speed: 0.03 s/mol.
Processing Cyclophosphamide in molecule_prad_1.smi (59/99). Average speed: 0.03 s/mol.
Processing Daporinad in molecule_prad_1.smi (64/99). Average speed: 0.03 s/mol.
Processing Dactolisib in molecule_prad_1.smi (63/99). Average speed: 0.03 s/mol.
Processing Dasatinib in molecule_prad_1.smi (65/99). Average speed: 0.03 s/mol.
Processing Dihydrorotenone in molecule_prad_1.smi (66/99). Average speed: 0.03 s/mol.
Processing Dinaciclib in molecule_prad_1.smi (67/99). Average speed: 0.03 s/mol.
Processing Docetaxel in molecule_prad_1.smi (68/99). Average speed: 0.02 s/mol.
Processing Doramapimod in molecule_prad_1.smi (69/99). Average speed: 0.02 s/mol.
Processing EPZ5676 in molecule_prad_1.smi (71/99). Average speed: 0.02 s/mol.
Processing EHT-1864 in molecule_prad_1.smi (70/99). Average speed: 0.02 s/mol.
Processing Entinostat in molecule_prad_1.smi (72/99). Average speed: 0.03 s/mol.
Processing Entospletinib in molecule_prad_1.smi (73/99). Average speed: 0.03 s/mol.
Processing Epirubicin in molecule_prad_1.smi (74/99). Average speed: 0.03 s/mol.
Processing Fulvestrant in molecule_prad_1.smi (77/99). Average speed: 0.03 s/mol.
Processing GSK-LSD1 in molecule_prad_1.smi (80/99). Average speed: 0.03 s/mol.
Processing Erlotinib in molecule_prad_1.smi (75/99). Average speed: 0.03 s/mol.
Processing GDC0810 in molecule_prad_1.smi (78/99). Average speed: 0.03 s/mol.
Processing Foretinib in molecule_prad_1.smi (76/99). Average speed: 0.03 s/mol.
Processing GNE-317 in molecule_prad_1.smi (79/99). Average speed: 0.03 s/mol.
Processing GSK1904529A in molecule_prad_1.smi (81/99). Average speed: 0.03 s/mol.
Processing GSK2578215A in molecule_prad_1.smi (83/99). Average speed: 0.02 s/mol.
Processing GSK2110183B in molecule_prad_1.smi (82/99). Average speed: 0.02 s/mol.
Processing GSK2606414 in molecule_prad_1.smi (84/99). Average speed: 0.02 s/mol.
Processing GSK2801 in molecule_prad_1.smi (85/99). Average speed: 0.02 s/mol.
Processing GSK343 in molecule_prad_1.smi (87/99). Average speed: 0.02 s/mol.
Processing GSK2830371 in molecule_prad_1.smi (86/99). Average speed: 0.02 s/mol.
Processing GSK591 in molecule_prad_1.smi (88/99). Average speed: 0.02 s/mol.
Processing GW441756 in molecule_prad_1.smi (89/99). Average speed: 0.02 s/mol.
Processing Gallibiscoquinazole in molecule_prad_1.smi (90/99). Average speed: 0.02 s/mol.
Processing Gefitinib in molecule_prad_1.smi (91/99). Average speed: 0.02 s/mol.
Processing Gemcitabine in molecule_prad_1.smi (92/99). Average speed: 0.02 s/mol.
Processing I-BET-762 in molecule_prad_1.smi (93/99). Average speed: 0.02 s/mol.
Processing I-BRD9 in molecule_prad_1.smi (94/99). Average speed: 0.02 s/mol.
Processing ICL-SIRT078 in molecule_prad_1.smi (95/99). Average speed: 0.02 s/mol.
Processing Irinotecan in molecule_prad_1.smi (99/99). Average speed: 0.02 s/mol.
Processing Ibrutinib in molecule_prad_1.smi (97/99). Average speed: 0.02 s/mol.
Processing Ipatasertib in molecule_prad_1.smi (98/99). Average speed: 0.02 s/mol.
Processing IWP-2 in molecule_prad_1.smi (96/99). Average speed: 0.02 s/mol.
Descriptor calculation completed in 2.143 secs . Average speed: 0.02 s/mol.
