Model: "model"
_________________________________________________________________
 Layer (type)                Output Shape              Param #   
=================================================================
 input_1 (InputLayer)        [(None, 978, 2)]          0         
                                                                 
 flatten (Flatten)           (None, 1956)              0         
                                                                 
 dense (Dense)               (None, 1024)              2003968   
                                                                 
 dropout (Dropout)           (None, 1024)              0         
                                                                 
 dense_1 (Dense)             (None, 512)               524800    
                                                                 
 dropout_1 (Dropout)         (None, 512)               0         
                                                                 
 dense_2 (Dense)             (None, 256)               131328    
                                                                 
 dropout_2 (Dropout)         (None, 256)               0         
                                                                 
 dense_3 (Dense)             (None, 128)               32896     
                                                                 
 dropout_3 (Dropout)         (None, 128)               0         
                                                                 
 dense_4 (Dense)             (None, 56)                7224      
                                                                 
 dense_5 (Dense)             (None, 1)                 57        
                                                                 
=================================================================
Total params: 2700273 (10.30 MB)
Trainable params: 2700273 (10.30 MB)
Non-trainable params: 0 (0.00 Byte)
_________________________________________________________________
None
Epoch 1/100

Epoch 1: val_loss improved from inf to 1.14803, saving model to sequential_drug_results\sequential_weights_drug.h5
14/14 - 2s - loss: 1.0534 - mae: 0.7747 - val_loss: 1.1480 - val_mae: 0.8522 - 2s/epoch - 134ms/step
Epoch 2/100

Epoch 2: val_loss improved from 1.14803 to 1.11788, saving model to sequential_drug_results\sequential_weights_drug.h5
14/14 - 1s - loss: 1.0233 - mae: 0.7851 - val_loss: 1.1179 - val_mae: 0.8341 - 788ms/epoch - 56ms/step
Epoch 3/100

Epoch 3: val_loss did not improve from 1.11788
14/14 - 0s - loss: 1.0567 - mae: 0.7861 - val_loss: 1.1367 - val_mae: 0.8415 - 490ms/epoch - 35ms/step
Epoch 4/100

Epoch 4: val_loss improved from 1.11788 to 1.06484, saving model to sequential_drug_results\sequential_weights_drug.h5
14/14 - 1s - loss: 0.9568 - mae: 0.7383 - val_loss: 1.0648 - val_mae: 0.8233 - 555ms/epoch - 40ms/step
Epoch 5/100

Epoch 5: val_loss improved from 1.06484 to 1.00353, saving model to sequential_drug_results\sequential_weights_drug.h5
14/14 - 1s - loss: 0.8719 - mae: 0.7013 - val_loss: 1.0035 - val_mae: 0.8177 - 572ms/epoch - 41ms/step
Epoch 6/100

Epoch 6: val_loss improved from 1.00353 to 0.94897, saving model to sequential_drug_results\sequential_weights_drug.h5
14/14 - 1s - loss: 0.7871 - mae: 0.6793 - val_loss: 0.9490 - val_mae: 0.8032 - 540ms/epoch - 39ms/step
Epoch 7/100

Epoch 7: val_loss did not improve from 0.94897
14/14 - 0s - loss: 0.7872 - mae: 0.6732 - val_loss: 0.9525 - val_mae: 0.8004 - 474ms/epoch - 34ms/step
Epoch 8/100

Epoch 8: val_loss did not improve from 0.94897
14/14 - 0s - loss: 0.7027 - mae: 0.6243 - val_loss: 1.0492 - val_mae: 0.8417 - 464ms/epoch - 33ms/step
Epoch 9/100

Epoch 9: val_loss improved from 0.94897 to 0.94346, saving model to sequential_drug_results\sequential_weights_drug.h5
14/14 - 1s - loss: 0.6454 - mae: 0.6136 - val_loss: 0.9435 - val_mae: 0.7863 - 571ms/epoch - 41ms/step
Epoch 10/100

Epoch 10: val_loss improved from 0.94346 to 0.92935, saving model to sequential_drug_results\sequential_weights_drug.h5
14/14 - 1s - loss: 0.6011 - mae: 0.5848 - val_loss: 0.9293 - val_mae: 0.7846 - 524ms/epoch - 37ms/step
Epoch 11/100

Epoch 11: val_loss did not improve from 0.92935
14/14 - 0s - loss: 0.4674 - mae: 0.4962 - val_loss: 1.0013 - val_mae: 0.8116 - 491ms/epoch - 35ms/step
Epoch 12/100

Epoch 12: val_loss did not improve from 0.92935
14/14 - 0s - loss: 0.4081 - mae: 0.4720 - val_loss: 0.9938 - val_mae: 0.8096 - 460ms/epoch - 33ms/step
Epoch 13/100

Epoch 13: val_loss improved from 0.92935 to 0.92821, saving model to sequential_drug_results\sequential_weights_drug.h5
14/14 - 1s - loss: 0.4513 - mae: 0.5019 - val_loss: 0.9282 - val_mae: 0.7781 - 523ms/epoch - 37ms/step
Epoch 14/100

Epoch 14: val_loss did not improve from 0.92821
14/14 - 0s - loss: 0.4483 - mae: 0.4901 - val_loss: 0.9774 - val_mae: 0.8130 - 462ms/epoch - 33ms/step
Epoch 15/100

Epoch 15: val_loss did not improve from 0.92821
14/14 - 0s - loss: 0.3249 - mae: 0.4063 - val_loss: 0.9320 - val_mae: 0.7884 - 455ms/epoch - 32ms/step
Epoch 16/100

Epoch 16: val_loss did not improve from 0.92821
14/14 - 0s - loss: 0.3462 - mae: 0.4239 - val_loss: 1.0027 - val_mae: 0.8318 - 462ms/epoch - 33ms/step
Epoch 17/100

Epoch 17: val_loss did not improve from 0.92821
14/14 - 0s - loss: 0.3795 - mae: 0.3920 - val_loss: 1.0268 - val_mae: 0.8443 - 458ms/epoch - 33ms/step
Epoch 18/100

Epoch 18: val_loss did not improve from 0.92821
14/14 - 0s - loss: 0.2572 - mae: 0.3619 - val_loss: 1.0730 - val_mae: 0.8554 - 463ms/epoch - 33ms/step
Epoch 19/100

Epoch 19: val_loss did not improve from 0.92821
14/14 - 0s - loss: 0.2917 - mae: 0.3799 - val_loss: 1.0451 - val_mae: 0.8502 - 478ms/epoch - 34ms/step
Epoch 20/100

Epoch 20: val_loss did not improve from 0.92821
14/14 - 0s - loss: 0.2471 - mae: 0.3708 - val_loss: 0.9972 - val_mae: 0.7962 - 477ms/epoch - 34ms/step
Epoch 21/100

Epoch 21: val_loss did not improve from 0.92821
14/14 - 1s - loss: 0.3052 - mae: 0.4047 - val_loss: 1.1123 - val_mae: 0.8786 - 508ms/epoch - 36ms/step
Epoch 22/100

Epoch 22: val_loss did not improve from 0.92821
14/14 - 0s - loss: 0.2492 - mae: 0.3473 - val_loss: 0.9997 - val_mae: 0.8116 - 496ms/epoch - 35ms/step
Epoch 23/100

Epoch 23: val_loss did not improve from 0.92821
14/14 - 0s - loss: 0.2160 - mae: 0.3325 - val_loss: 1.0456 - val_mae: 0.8400 - 453ms/epoch - 32ms/step
Epoch 24/100

Epoch 24: val_loss did not improve from 0.92821
14/14 - 0s - loss: 0.2221 - mae: 0.3293 - val_loss: 0.9974 - val_mae: 0.8170 - 447ms/epoch - 32ms/step
Epoch 25/100

Epoch 25: val_loss did not improve from 0.92821
14/14 - 0s - loss: 0.1861 - mae: 0.3072 - val_loss: 0.9882 - val_mae: 0.8080 - 444ms/epoch - 32ms/step
Epoch 26/100

Epoch 26: val_loss did not improve from 0.92821
14/14 - 0s - loss: 0.1872 - mae: 0.3035 - val_loss: 1.0166 - val_mae: 0.8304 - 447ms/epoch - 32ms/step
Epoch 27/100

Epoch 27: val_loss did not improve from 0.92821
14/14 - 0s - loss: 0.2095 - mae: 0.3132 - val_loss: 0.9934 - val_mae: 0.8119 - 472ms/epoch - 34ms/step
Epoch 28/100

Epoch 28: val_loss did not improve from 0.92821
14/14 - 0s - loss: 0.1893 - mae: 0.2985 - val_loss: 0.9914 - val_mae: 0.8030 - 460ms/epoch - 33ms/step
Epoch 29/100

Epoch 29: val_loss did not improve from 0.92821
14/14 - 0s - loss: 0.2055 - mae: 0.3131 - val_loss: 1.0348 - val_mae: 0.8292 - 461ms/epoch - 33ms/step
Epoch 30/100

Epoch 30: val_loss did not improve from 0.92821
14/14 - 0s - loss: 0.1711 - mae: 0.2895 - val_loss: 1.0396 - val_mae: 0.8396 - 453ms/epoch - 32ms/step
Epoch 31/100

Epoch 31: val_loss did not improve from 0.92821
14/14 - 0s - loss: 0.1942 - mae: 0.3078 - val_loss: 1.0115 - val_mae: 0.8212 - 461ms/epoch - 33ms/step
Epoch 32/100

Epoch 32: val_loss did not improve from 0.92821
14/14 - 0s - loss: 0.1931 - mae: 0.3074 - val_loss: 1.0104 - val_mae: 0.8088 - 465ms/epoch - 33ms/step
Epoch 33/100

Epoch 33: val_loss did not improve from 0.92821
14/14 - 0s - loss: 0.1387 - mae: 0.2513 - val_loss: 1.0438 - val_mae: 0.8383 - 460ms/epoch - 33ms/step
Epoch 34/100

Epoch 34: val_loss did not improve from 0.92821
14/14 - 0s - loss: 0.1306 - mae: 0.2441 - val_loss: 0.9705 - val_mae: 0.7989 - 463ms/epoch - 33ms/step
Epoch 35/100

Epoch 35: val_loss did not improve from 0.92821
14/14 - 0s - loss: 0.1658 - mae: 0.2724 - val_loss: 1.0558 - val_mae: 0.8549 - 463ms/epoch - 33ms/step
Epoch 36/100

Epoch 36: val_loss did not improve from 0.92821
14/14 - 0s - loss: 0.1663 - mae: 0.2677 - val_loss: 1.0445 - val_mae: 0.8243 - 465ms/epoch - 33ms/step
Epoch 37/100

Epoch 37: val_loss did not improve from 0.92821
14/14 - 0s - loss: 0.1795 - mae: 0.2893 - val_loss: 0.9755 - val_mae: 0.8065 - 468ms/epoch - 33ms/step
Epoch 38/100

Epoch 38: val_loss did not improve from 0.92821
14/14 - 0s - loss: 0.1859 - mae: 0.2991 - val_loss: 1.0159 - val_mae: 0.8173 - 461ms/epoch - 33ms/step
Epoch 39/100

Epoch 39: val_loss did not improve from 0.92821
14/14 - 0s - loss: 0.1613 - mae: 0.2837 - val_loss: 1.1095 - val_mae: 0.8750 - 454ms/epoch - 32ms/step
Epoch 40/100

Epoch 40: val_loss did not improve from 0.92821
14/14 - 0s - loss: 0.1414 - mae: 0.2551 - val_loss: 0.9690 - val_mae: 0.7952 - 480ms/epoch - 34ms/step
Epoch 41/100

Epoch 41: val_loss did not improve from 0.92821
14/14 - 0s - loss: 0.1349 - mae: 0.2492 - val_loss: 1.0428 - val_mae: 0.8303 - 461ms/epoch - 33ms/step
Epoch 42/100

Epoch 42: val_loss did not improve from 0.92821
14/14 - 0s - loss: 0.1328 - mae: 0.2208 - val_loss: 1.0117 - val_mae: 0.8195 - 462ms/epoch - 33ms/step
Epoch 43/100

Epoch 43: val_loss did not improve from 0.92821
14/14 - 0s - loss: 0.1217 - mae: 0.2313 - val_loss: 1.0312 - val_mae: 0.8239 - 461ms/epoch - 33ms/step
Epoch 44/100

Epoch 44: val_loss did not improve from 0.92821
14/14 - 0s - loss: 0.1380 - mae: 0.2398 - val_loss: 1.0084 - val_mae: 0.8208 - 459ms/epoch - 33ms/step
Epoch 45/100

Epoch 45: val_loss did not improve from 0.92821
14/14 - 0s - loss: 0.1500 - mae: 0.2578 - val_loss: 1.0853 - val_mae: 0.8577 - 470ms/epoch - 34ms/step
Epoch 46/100

Epoch 46: val_loss did not improve from 0.92821
14/14 - 0s - loss: 0.1293 - mae: 0.2387 - val_loss: 0.9844 - val_mae: 0.8021 - 497ms/epoch - 36ms/step
Epoch 47/100

Epoch 47: val_loss did not improve from 0.92821
14/14 - 1s - loss: 0.1278 - mae: 0.2375 - val_loss: 1.0714 - val_mae: 0.8431 - 537ms/epoch - 38ms/step
Epoch 48/100

Epoch 48: val_loss did not improve from 0.92821
14/14 - 1s - loss: 0.1434 - mae: 0.2468 - val_loss: 1.0213 - val_mae: 0.8221 - 530ms/epoch - 38ms/step
Epoch 49/100

Epoch 49: val_loss did not improve from 0.92821
14/14 - 0s - loss: 0.1423 - mae: 0.2471 - val_loss: 1.0433 - val_mae: 0.8265 - 455ms/epoch - 33ms/step
Epoch 50/100

Epoch 50: val_loss did not improve from 0.92821
14/14 - 0s - loss: 0.1375 - mae: 0.2503 - val_loss: 1.0790 - val_mae: 0.8582 - 477ms/epoch - 34ms/step
Epoch 51/100

Epoch 51: val_loss did not improve from 0.92821
14/14 - 0s - loss: 0.1368 - mae: 0.2323 - val_loss: 1.0263 - val_mae: 0.8201 - 462ms/epoch - 33ms/step
Epoch 52/100

Epoch 52: val_loss did not improve from 0.92821
14/14 - 0s - loss: 0.1072 - mae: 0.2131 - val_loss: 1.0380 - val_mae: 0.8315 - 478ms/epoch - 34ms/step
Epoch 53/100

Epoch 53: val_loss did not improve from 0.92821
14/14 - 0s - loss: 0.1271 - mae: 0.2264 - val_loss: 1.0311 - val_mae: 0.8273 - 475ms/epoch - 34ms/step
Epoch 54/100

Epoch 54: val_loss did not improve from 0.92821
14/14 - 0s - loss: 0.1146 - mae: 0.2179 - val_loss: 1.1325 - val_mae: 0.8734 - 458ms/epoch - 33ms/step
Epoch 55/100

Epoch 55: val_loss did not improve from 0.92821
14/14 - 0s - loss: 0.1583 - mae: 0.2423 - val_loss: 0.9827 - val_mae: 0.8041 - 471ms/epoch - 34ms/step
Epoch 56/100

Epoch 56: val_loss did not improve from 0.92821
14/14 - 0s - loss: 0.1277 - mae: 0.2346 - val_loss: 1.0215 - val_mae: 0.8251 - 470ms/epoch - 34ms/step
Epoch 57/100

Epoch 57: val_loss did not improve from 0.92821
14/14 - 0s - loss: 0.1212 - mae: 0.2195 - val_loss: 1.0934 - val_mae: 0.8486 - 461ms/epoch - 33ms/step
Epoch 58/100

Epoch 58: val_loss did not improve from 0.92821
14/14 - 0s - loss: 0.1229 - mae: 0.2354 - val_loss: 1.0713 - val_mae: 0.8616 - 472ms/epoch - 34ms/step
Epoch 59/100

Epoch 59: val_loss did not improve from 0.92821
14/14 - 0s - loss: 0.1234 - mae: 0.2345 - val_loss: 1.0314 - val_mae: 0.8273 - 486ms/epoch - 35ms/step
Epoch 60/100

Epoch 60: val_loss did not improve from 0.92821
14/14 - 0s - loss: 0.1045 - mae: 0.2048 - val_loss: 1.0088 - val_mae: 0.8134 - 474ms/epoch - 34ms/step
Epoch 61/100

Epoch 61: val_loss did not improve from 0.92821
14/14 - 0s - loss: 0.0993 - mae: 0.1956 - val_loss: 1.1027 - val_mae: 0.8616 - 483ms/epoch - 35ms/step
Epoch 62/100

Epoch 62: val_loss did not improve from 0.92821
14/14 - 0s - loss: 0.1156 - mae: 0.2241 - val_loss: 1.0230 - val_mae: 0.8178 - 472ms/epoch - 34ms/step
Epoch 63/100

Epoch 63: val_loss did not improve from 0.92821
14/14 - 0s - loss: 0.1109 - mae: 0.2082 - val_loss: 1.0092 - val_mae: 0.8118 - 463ms/epoch - 33ms/step
Epoch 64/100

Epoch 64: val_loss did not improve from 0.92821
14/14 - 0s - loss: 0.1196 - mae: 0.2228 - val_loss: 1.0448 - val_mae: 0.8305 - 461ms/epoch - 33ms/step
Epoch 65/100

Epoch 65: val_loss did not improve from 0.92821
14/14 - 0s - loss: 0.1015 - mae: 0.2035 - val_loss: 1.1115 - val_mae: 0.8679 - 459ms/epoch - 33ms/step
Epoch 66/100

Epoch 66: val_loss did not improve from 0.92821
14/14 - 0s - loss: 0.1208 - mae: 0.2326 - val_loss: 1.0628 - val_mae: 0.8368 - 454ms/epoch - 32ms/step
Epoch 67/100

Epoch 67: val_loss did not improve from 0.92821
14/14 - 0s - loss: 0.1219 - mae: 0.2284 - val_loss: 1.0828 - val_mae: 0.8653 - 445ms/epoch - 32ms/step
Epoch 68/100

Epoch 68: val_loss did not improve from 0.92821
14/14 - 0s - loss: 0.1188 - mae: 0.2277 - val_loss: 1.0319 - val_mae: 0.8130 - 462ms/epoch - 33ms/step
Epoch 69/100

Epoch 69: val_loss did not improve from 0.92821
14/14 - 0s - loss: 0.1269 - mae: 0.2307 - val_loss: 1.0754 - val_mae: 0.8305 - 479ms/epoch - 34ms/step
Epoch 70/100

Epoch 70: val_loss did not improve from 0.92821
14/14 - 0s - loss: 0.1157 - mae: 0.2294 - val_loss: 1.1189 - val_mae: 0.8819 - 470ms/epoch - 34ms/step
Epoch 71/100

Epoch 71: val_loss did not improve from 0.92821
14/14 - 0s - loss: 0.1037 - mae: 0.2049 - val_loss: 1.0715 - val_mae: 0.8395 - 462ms/epoch - 33ms/step
Epoch 72/100

Epoch 72: val_loss did not improve from 0.92821
14/14 - 0s - loss: 0.1048 - mae: 0.1934 - val_loss: 1.0705 - val_mae: 0.8365 - 447ms/epoch - 32ms/step
Epoch 73/100

Epoch 73: val_loss did not improve from 0.92821
14/14 - 0s - loss: 0.1174 - mae: 0.2132 - val_loss: 1.0372 - val_mae: 0.8346 - 477ms/epoch - 34ms/step
Epoch 74/100

Epoch 74: val_loss did not improve from 0.92821
14/14 - 0s - loss: 0.1054 - mae: 0.2071 - val_loss: 1.0710 - val_mae: 0.8455 - 455ms/epoch - 32ms/step
Epoch 75/100

Epoch 75: val_loss did not improve from 0.92821
14/14 - 0s - loss: 0.1173 - mae: 0.2123 - val_loss: 1.1027 - val_mae: 0.8789 - 461ms/epoch - 33ms/step
Epoch 76/100

Epoch 76: val_loss did not improve from 0.92821
14/14 - 0s - loss: 0.1293 - mae: 0.2279 - val_loss: 1.0693 - val_mae: 0.8449 - 469ms/epoch - 33ms/step
Epoch 77/100

Epoch 77: val_loss did not improve from 0.92821
14/14 - 0s - loss: 0.1156 - mae: 0.2132 - val_loss: 1.0212 - val_mae: 0.8188 - 461ms/epoch - 33ms/step
Epoch 78/100

Epoch 78: val_loss did not improve from 0.92821
14/14 - 0s - loss: 0.1334 - mae: 0.2206 - val_loss: 1.0320 - val_mae: 0.8205 - 460ms/epoch - 33ms/step
Epoch 79/100

Epoch 79: val_loss did not improve from 0.92821
14/14 - 0s - loss: 0.1134 - mae: 0.2115 - val_loss: 1.0449 - val_mae: 0.8261 - 464ms/epoch - 33ms/step
Epoch 80/100

Epoch 80: val_loss did not improve from 0.92821
14/14 - 0s - loss: 0.1157 - mae: 0.2121 - val_loss: 1.0801 - val_mae: 0.8617 - 464ms/epoch - 33ms/step
Epoch 81/100

Epoch 81: val_loss did not improve from 0.92821
14/14 - 0s - loss: 0.1129 - mae: 0.2094 - val_loss: 1.0390 - val_mae: 0.8349 - 469ms/epoch - 33ms/step
Epoch 82/100

Epoch 82: val_loss did not improve from 0.92821
14/14 - 1s - loss: 0.1059 - mae: 0.1907 - val_loss: 1.0888 - val_mae: 0.8607 - 599ms/epoch - 43ms/step
Epoch 83/100

Epoch 83: val_loss did not improve from 0.92821
14/14 - 0s - loss: 0.1237 - mae: 0.2298 - val_loss: 1.0309 - val_mae: 0.8095 - 476ms/epoch - 34ms/step
Epoch 84/100

Epoch 84: val_loss did not improve from 0.92821
14/14 - 0s - loss: 0.1137 - mae: 0.2180 - val_loss: 1.0659 - val_mae: 0.8380 - 463ms/epoch - 33ms/step
Epoch 85/100

Epoch 85: val_loss did not improve from 0.92821
14/14 - 0s - loss: 0.1047 - mae: 0.2053 - val_loss: 1.1071 - val_mae: 0.8721 - 473ms/epoch - 34ms/step
Epoch 86/100

Epoch 86: val_loss did not improve from 0.92821
14/14 - 0s - loss: 0.1215 - mae: 0.2327 - val_loss: 1.0453 - val_mae: 0.8288 - 475ms/epoch - 34ms/step
Epoch 87/100

Epoch 87: val_loss did not improve from 0.92821
14/14 - 0s - loss: 0.1071 - mae: 0.2102 - val_loss: 1.0915 - val_mae: 0.8640 - 460ms/epoch - 33ms/step
Epoch 88/100

Epoch 88: val_loss did not improve from 0.92821
14/14 - 0s - loss: 0.1050 - mae: 0.2009 - val_loss: 1.0244 - val_mae: 0.8210 - 478ms/epoch - 34ms/step
Epoch 89/100

Epoch 89: val_loss did not improve from 0.92821
14/14 - 0s - loss: 0.0908 - mae: 0.1932 - val_loss: 1.0441 - val_mae: 0.8281 - 463ms/epoch - 33ms/step
Epoch 90/100

Epoch 90: val_loss did not improve from 0.92821
14/14 - 0s - loss: 0.0977 - mae: 0.1936 - val_loss: 1.0579 - val_mae: 0.8406 - 472ms/epoch - 34ms/step
Epoch 91/100

Epoch 91: val_loss did not improve from 0.92821
14/14 - 1s - loss: 0.0935 - mae: 0.1927 - val_loss: 1.0294 - val_mae: 0.8255 - 514ms/epoch - 37ms/step
Epoch 92/100

Epoch 92: val_loss did not improve from 0.92821
14/14 - 0s - loss: 0.1322 - mae: 0.2121 - val_loss: 1.1049 - val_mae: 0.8702 - 500ms/epoch - 36ms/step
Epoch 93/100

Epoch 93: val_loss did not improve from 0.92821
14/14 - 0s - loss: 0.1083 - mae: 0.1870 - val_loss: 1.0331 - val_mae: 0.8231 - 481ms/epoch - 34ms/step
Epoch 94/100

Epoch 94: val_loss did not improve from 0.92821
14/14 - 0s - loss: 0.0999 - mae: 0.1937 - val_loss: 1.0739 - val_mae: 0.8516 - 467ms/epoch - 33ms/step
Epoch 95/100

Epoch 95: val_loss did not improve from 0.92821
14/14 - 0s - loss: 0.1040 - mae: 0.1913 - val_loss: 1.0418 - val_mae: 0.8246 - 473ms/epoch - 34ms/step
Epoch 96/100

Epoch 96: val_loss did not improve from 0.92821
14/14 - 1s - loss: 0.1113 - mae: 0.2055 - val_loss: 1.0378 - val_mae: 0.8457 - 533ms/epoch - 38ms/step
Epoch 97/100

Epoch 97: val_loss did not improve from 0.92821
14/14 - 0s - loss: 0.0898 - mae: 0.1884 - val_loss: 1.0417 - val_mae: 0.8387 - 495ms/epoch - 35ms/step
Epoch 98/100

Epoch 98: val_loss did not improve from 0.92821
14/14 - 0s - loss: 0.1073 - mae: 0.2000 - val_loss: 1.0445 - val_mae: 0.8275 - 489ms/epoch - 35ms/step
Epoch 99/100

Epoch 99: val_loss did not improve from 0.92821
14/14 - 1s - loss: 0.0919 - mae: 0.1852 - val_loss: 1.0561 - val_mae: 0.8551 - 550ms/epoch - 39ms/step
Epoch 100/100

Epoch 100: val_loss did not improve from 0.92821
14/14 - 0s - loss: 0.0820 - mae: 0.1786 - val_loss: 1.0881 - val_mae: 0.8623 - 481ms/epoch - 34ms/step

1/3 [=========>....................] - ETA: 0s - loss: 0.6582 - mae: 0.6480
3/3 [==============================] - 0s 5ms/step - loss: 0.9282 - mae: 0.7781
Test Loss: 0.9282090067863464
Test MAE: 0.7780532836914062
Optimal Epoch: 13 loss: 0.9282090067863464

1/3 [=========>....................] - ETA: 0s
3/3 [==============================] - 0s 8ms/step
[[1.         0.46771629]
 [0.46771629 1.        ]]
