Model: "model"
_________________________________________________________________
 Layer (type)                Output Shape              Param #   
=================================================================
 input_1 (InputLayer)        [(None, 978, 2)]          0         
                                                                 
 flatten (Flatten)           (None, 1956)              0         
                                                                 
 dense (Dense)               (None, 1024)              2003968   
                                                                 
 dropout (Dropout)           (None, 1024)              0         
                                                                 
 dense_1 (Dense)             (None, 512)               524800    
                                                                 
 dropout_1 (Dropout)         (None, 512)               0         
                                                                 
 dense_2 (Dense)             (None, 256)               131328    
                                                                 
 dropout_2 (Dropout)         (None, 256)               0         
                                                                 
 dense_3 (Dense)             (None, 128)               32896     
                                                                 
 dropout_3 (Dropout)         (None, 128)               0         
                                                                 
 dense_4 (Dense)             (None, 56)                7224      
                                                                 
 dense_5 (Dense)             (None, 1)                 57        
                                                                 
=================================================================
Total params: 2700273 (10.30 MB)
Trainable params: 2700273 (10.30 MB)
Non-trainable params: 0 (0.00 Byte)
_________________________________________________________________
None
Epoch 1/100

Epoch 1: val_loss improved from inf to 0.33808, saving model to sequential_weights_mda7.h5
14/14 - 2s - loss: 0.2260 - mae: 0.2917 - val_loss: 0.3381 - val_mae: 0.3308 - 2s/epoch - 140ms/step
Epoch 2/100

Epoch 2: val_loss improved from 0.33808 to 0.32397, saving model to sequential_weights_mda7.h5
14/14 - 1s - loss: 0.2204 - mae: 0.2752 - val_loss: 0.3240 - val_mae: 0.3188 - 535ms/epoch - 38ms/step
Epoch 3/100

Epoch 3: val_loss improved from 0.32397 to 0.31130, saving model to sequential_weights_mda7.h5
14/14 - 1s - loss: 0.2024 - mae: 0.2616 - val_loss: 0.3113 - val_mae: 0.3126 - 525ms/epoch - 37ms/step
Epoch 4/100

Epoch 4: val_loss did not improve from 0.31130
14/14 - 0s - loss: 0.1873 - mae: 0.2502 - val_loss: 0.3494 - val_mae: 0.3390 - 453ms/epoch - 32ms/step
Epoch 5/100

Epoch 5: val_loss improved from 0.31130 to 0.30891, saving model to sequential_weights_mda7.h5
14/14 - 1s - loss: 0.1773 - mae: 0.2496 - val_loss: 0.3089 - val_mae: 0.3131 - 540ms/epoch - 39ms/step
Epoch 6/100

Epoch 6: val_loss did not improve from 0.30891
14/14 - 0s - loss: 0.1673 - mae: 0.2366 - val_loss: 0.3430 - val_mae: 0.3344 - 459ms/epoch - 33ms/step
Epoch 7/100

Epoch 7: val_loss did not improve from 0.30891
14/14 - 0s - loss: 0.1650 - mae: 0.2326 - val_loss: 0.3536 - val_mae: 0.3437 - 469ms/epoch - 33ms/step
Epoch 8/100

Epoch 8: val_loss did not improve from 0.30891
14/14 - 0s - loss: 0.1628 - mae: 0.2325 - val_loss: 0.3354 - val_mae: 0.3331 - 494ms/epoch - 35ms/step
Epoch 9/100

Epoch 9: val_loss did not improve from 0.30891
14/14 - 0s - loss: 0.1391 - mae: 0.2204 - val_loss: 0.3518 - val_mae: 0.3471 - 487ms/epoch - 35ms/step
Epoch 10/100

Epoch 10: val_loss improved from 0.30891 to 0.28935, saving model to sequential_weights_mda7.h5
14/14 - 1s - loss: 0.1416 - mae: 0.2203 - val_loss: 0.2894 - val_mae: 0.3099 - 613ms/epoch - 44ms/step
Epoch 11/100

Epoch 11: val_loss did not improve from 0.28935
14/14 - 0s - loss: 0.1297 - mae: 0.2233 - val_loss: 0.3356 - val_mae: 0.3352 - 462ms/epoch - 33ms/step
Epoch 12/100

Epoch 12: val_loss did not improve from 0.28935
14/14 - 0s - loss: 0.1097 - mae: 0.2099 - val_loss: 0.3678 - val_mae: 0.3623 - 461ms/epoch - 33ms/step
Epoch 13/100

Epoch 13: val_loss did not improve from 0.28935
14/14 - 0s - loss: 0.1125 - mae: 0.2001 - val_loss: 0.3923 - val_mae: 0.3822 - 464ms/epoch - 33ms/step
Epoch 14/100

Epoch 14: val_loss did not improve from 0.28935
14/14 - 0s - loss: 0.1209 - mae: 0.2137 - val_loss: 0.3859 - val_mae: 0.3759 - 464ms/epoch - 33ms/step
Epoch 15/100

Epoch 15: val_loss did not improve from 0.28935
14/14 - 0s - loss: 0.1266 - mae: 0.2109 - val_loss: 0.3108 - val_mae: 0.3210 - 461ms/epoch - 33ms/step
Epoch 16/100

Epoch 16: val_loss did not improve from 0.28935
14/14 - 0s - loss: 0.0970 - mae: 0.1831 - val_loss: 0.3713 - val_mae: 0.3667 - 452ms/epoch - 32ms/step
Epoch 17/100

Epoch 17: val_loss did not improve from 0.28935
14/14 - 0s - loss: 0.1026 - mae: 0.1958 - val_loss: 0.3490 - val_mae: 0.3495 - 462ms/epoch - 33ms/step
Epoch 18/100

Epoch 18: val_loss did not improve from 0.28935
14/14 - 0s - loss: 0.0970 - mae: 0.1812 - val_loss: 0.3367 - val_mae: 0.3368 - 461ms/epoch - 33ms/step
Epoch 19/100

Epoch 19: val_loss did not improve from 0.28935
14/14 - 0s - loss: 0.0858 - mae: 0.1793 - val_loss: 0.3576 - val_mae: 0.3546 - 477ms/epoch - 34ms/step
Epoch 20/100

Epoch 20: val_loss did not improve from 0.28935
14/14 - 1s - loss: 0.0740 - mae: 0.1630 - val_loss: 0.3611 - val_mae: 0.3574 - 510ms/epoch - 36ms/step
Epoch 21/100

Epoch 21: val_loss did not improve from 0.28935
14/14 - 0s - loss: 0.0775 - mae: 0.1584 - val_loss: 0.3351 - val_mae: 0.3387 - 471ms/epoch - 34ms/step
Epoch 22/100

Epoch 22: val_loss did not improve from 0.28935
14/14 - 0s - loss: 0.0824 - mae: 0.1718 - val_loss: 0.3608 - val_mae: 0.3577 - 463ms/epoch - 33ms/step
Epoch 23/100

Epoch 23: val_loss did not improve from 0.28935
14/14 - 0s - loss: 0.0777 - mae: 0.1650 - val_loss: 0.3425 - val_mae: 0.3414 - 448ms/epoch - 32ms/step
Epoch 24/100

Epoch 24: val_loss did not improve from 0.28935
14/14 - 0s - loss: 0.0818 - mae: 0.1650 - val_loss: 0.3321 - val_mae: 0.3379 - 475ms/epoch - 34ms/step
Epoch 25/100

Epoch 25: val_loss did not improve from 0.28935
14/14 - 0s - loss: 0.0778 - mae: 0.1627 - val_loss: 0.3195 - val_mae: 0.3292 - 453ms/epoch - 32ms/step
Epoch 26/100

Epoch 26: val_loss did not improve from 0.28935
14/14 - 0s - loss: 0.0805 - mae: 0.1637 - val_loss: 0.3655 - val_mae: 0.3630 - 463ms/epoch - 33ms/step
Epoch 27/100

Epoch 27: val_loss did not improve from 0.28935
14/14 - 0s - loss: 0.0721 - mae: 0.1575 - val_loss: 0.3432 - val_mae: 0.3433 - 491ms/epoch - 35ms/step
Epoch 28/100

Epoch 28: val_loss did not improve from 0.28935
14/14 - 0s - loss: 0.0854 - mae: 0.1735 - val_loss: 0.3007 - val_mae: 0.3187 - 499ms/epoch - 36ms/step
Epoch 29/100

Epoch 29: val_loss did not improve from 0.28935
14/14 - 0s - loss: 0.0754 - mae: 0.1671 - val_loss: 0.3781 - val_mae: 0.3705 - 485ms/epoch - 35ms/step
Epoch 30/100

Epoch 30: val_loss did not improve from 0.28935
14/14 - 1s - loss: 0.0812 - mae: 0.1697 - val_loss: 0.3433 - val_mae: 0.3458 - 649ms/epoch - 46ms/step
Epoch 31/100

Epoch 31: val_loss did not improve from 0.28935
14/14 - 1s - loss: 0.0629 - mae: 0.1498 - val_loss: 0.3398 - val_mae: 0.3474 - 581ms/epoch - 41ms/step
Epoch 32/100

Epoch 32: val_loss did not improve from 0.28935
14/14 - 1s - loss: 0.0538 - mae: 0.1375 - val_loss: 0.3412 - val_mae: 0.3420 - 510ms/epoch - 36ms/step
Epoch 33/100

Epoch 33: val_loss did not improve from 0.28935
14/14 - 0s - loss: 0.0593 - mae: 0.1388 - val_loss: 0.3302 - val_mae: 0.3350 - 489ms/epoch - 35ms/step
Epoch 34/100

Epoch 34: val_loss did not improve from 0.28935
14/14 - 0s - loss: 0.0596 - mae: 0.1369 - val_loss: 0.3358 - val_mae: 0.3471 - 499ms/epoch - 36ms/step
Epoch 35/100

Epoch 35: val_loss did not improve from 0.28935
14/14 - 0s - loss: 0.0578 - mae: 0.1309 - val_loss: 0.3553 - val_mae: 0.3542 - 476ms/epoch - 34ms/step
Epoch 36/100

Epoch 36: val_loss did not improve from 0.28935
14/14 - 0s - loss: 0.0530 - mae: 0.1341 - val_loss: 0.3463 - val_mae: 0.3477 - 484ms/epoch - 35ms/step
Epoch 37/100

Epoch 37: val_loss did not improve from 0.28935
14/14 - 1s - loss: 0.0657 - mae: 0.1490 - val_loss: 0.3477 - val_mae: 0.3491 - 503ms/epoch - 36ms/step
Epoch 38/100

Epoch 38: val_loss did not improve from 0.28935
14/14 - 1s - loss: 0.0637 - mae: 0.1435 - val_loss: 0.3511 - val_mae: 0.3487 - 518ms/epoch - 37ms/step
Epoch 39/100

Epoch 39: val_loss did not improve from 0.28935
14/14 - 1s - loss: 0.0842 - mae: 0.1457 - val_loss: 0.3342 - val_mae: 0.3516 - 530ms/epoch - 38ms/step
Epoch 40/100

Epoch 40: val_loss did not improve from 0.28935
14/14 - 0s - loss: 0.0638 - mae: 0.1412 - val_loss: 0.3062 - val_mae: 0.3299 - 484ms/epoch - 35ms/step
Epoch 41/100

Epoch 41: val_loss did not improve from 0.28935
14/14 - 0s - loss: 0.0565 - mae: 0.1368 - val_loss: 0.3148 - val_mae: 0.3347 - 489ms/epoch - 35ms/step
Epoch 42/100

Epoch 42: val_loss did not improve from 0.28935
14/14 - 1s - loss: 0.0605 - mae: 0.1328 - val_loss: 0.3441 - val_mae: 0.3539 - 520ms/epoch - 37ms/step
Epoch 43/100

Epoch 43: val_loss did not improve from 0.28935
14/14 - 1s - loss: 0.0472 - mae: 0.1105 - val_loss: 0.3484 - val_mae: 0.3566 - 642ms/epoch - 46ms/step
Epoch 44/100

Epoch 44: val_loss did not improve from 0.28935
14/14 - 1s - loss: 0.0595 - mae: 0.1348 - val_loss: 0.3562 - val_mae: 0.3562 - 514ms/epoch - 37ms/step
Epoch 45/100

Epoch 45: val_loss did not improve from 0.28935
14/14 - 0s - loss: 0.0473 - mae: 0.1160 - val_loss: 0.3476 - val_mae: 0.3544 - 478ms/epoch - 34ms/step
Epoch 46/100

Epoch 46: val_loss did not improve from 0.28935
14/14 - 0s - loss: 0.0501 - mae: 0.1200 - val_loss: 0.3234 - val_mae: 0.3424 - 499ms/epoch - 36ms/step
Epoch 47/100

Epoch 47: val_loss did not improve from 0.28935
14/14 - 0s - loss: 0.0434 - mae: 0.1127 - val_loss: 0.3385 - val_mae: 0.3478 - 476ms/epoch - 34ms/step
Epoch 48/100

Epoch 48: val_loss did not improve from 0.28935
14/14 - 0s - loss: 0.0465 - mae: 0.1099 - val_loss: 0.3116 - val_mae: 0.3506 - 470ms/epoch - 34ms/step
Epoch 49/100

Epoch 49: val_loss did not improve from 0.28935
14/14 - 0s - loss: 0.0478 - mae: 0.1146 - val_loss: 0.3349 - val_mae: 0.3514 - 500ms/epoch - 36ms/step
Epoch 50/100

Epoch 50: val_loss did not improve from 0.28935
14/14 - 0s - loss: 0.0555 - mae: 0.1101 - val_loss: 0.3288 - val_mae: 0.3434 - 486ms/epoch - 35ms/step
Epoch 51/100

Epoch 51: val_loss did not improve from 0.28935
14/14 - 0s - loss: 0.0484 - mae: 0.1120 - val_loss: 0.3926 - val_mae: 0.3892 - 476ms/epoch - 34ms/step
Epoch 52/100

Epoch 52: val_loss did not improve from 0.28935
14/14 - 0s - loss: 0.0574 - mae: 0.1339 - val_loss: 0.3185 - val_mae: 0.3393 - 477ms/epoch - 34ms/step
Epoch 53/100

Epoch 53: val_loss did not improve from 0.28935
14/14 - 0s - loss: 0.0507 - mae: 0.1140 - val_loss: 0.3574 - val_mae: 0.3596 - 481ms/epoch - 34ms/step
Epoch 54/100

Epoch 54: val_loss did not improve from 0.28935
14/14 - 0s - loss: 0.0545 - mae: 0.1287 - val_loss: 0.3561 - val_mae: 0.3651 - 459ms/epoch - 33ms/step
Epoch 55/100

Epoch 55: val_loss did not improve from 0.28935
14/14 - 0s - loss: 0.0451 - mae: 0.1081 - val_loss: 0.3228 - val_mae: 0.3345 - 484ms/epoch - 35ms/step
Epoch 56/100

Epoch 56: val_loss did not improve from 0.28935
14/14 - 0s - loss: 0.0438 - mae: 0.1145 - val_loss: 0.3821 - val_mae: 0.3766 - 469ms/epoch - 33ms/step
Epoch 57/100

Epoch 57: val_loss did not improve from 0.28935
14/14 - 0s - loss: 0.0681 - mae: 0.1128 - val_loss: 0.3492 - val_mae: 0.3617 - 497ms/epoch - 35ms/step
Epoch 58/100

Epoch 58: val_loss did not improve from 0.28935
14/14 - 1s - loss: 0.0495 - mae: 0.1176 - val_loss: 0.3412 - val_mae: 0.3691 - 510ms/epoch - 36ms/step
Epoch 59/100

Epoch 59: val_loss did not improve from 0.28935
14/14 - 0s - loss: 0.0522 - mae: 0.1142 - val_loss: 0.3572 - val_mae: 0.3675 - 498ms/epoch - 36ms/step
Epoch 60/100

Epoch 60: val_loss did not improve from 0.28935
14/14 - 0s - loss: 0.0463 - mae: 0.1063 - val_loss: 0.3319 - val_mae: 0.3502 - 474ms/epoch - 34ms/step
Epoch 61/100

Epoch 61: val_loss did not improve from 0.28935
14/14 - 0s - loss: 0.0481 - mae: 0.1041 - val_loss: 0.3665 - val_mae: 0.3694 - 483ms/epoch - 35ms/step
Epoch 62/100

Epoch 62: val_loss did not improve from 0.28935
14/14 - 1s - loss: 0.0495 - mae: 0.1150 - val_loss: 0.3654 - val_mae: 0.3701 - 506ms/epoch - 36ms/step
Epoch 63/100

Epoch 63: val_loss did not improve from 0.28935
14/14 - 1s - loss: 0.0531 - mae: 0.1136 - val_loss: 0.3202 - val_mae: 0.3322 - 593ms/epoch - 42ms/step
Epoch 64/100

Epoch 64: val_loss did not improve from 0.28935
14/14 - 1s - loss: 0.0503 - mae: 0.1148 - val_loss: 0.3626 - val_mae: 0.3716 - 524ms/epoch - 37ms/step
Epoch 65/100

Epoch 65: val_loss did not improve from 0.28935
14/14 - 0s - loss: 0.0404 - mae: 0.1001 - val_loss: 0.3336 - val_mae: 0.3535 - 462ms/epoch - 33ms/step
Epoch 66/100

Epoch 66: val_loss did not improve from 0.28935
14/14 - 0s - loss: 0.0397 - mae: 0.1024 - val_loss: 0.3882 - val_mae: 0.3826 - 476ms/epoch - 34ms/step
Epoch 67/100

Epoch 67: val_loss did not improve from 0.28935
14/14 - 0s - loss: 0.0444 - mae: 0.1110 - val_loss: 0.3637 - val_mae: 0.3628 - 477ms/epoch - 34ms/step
Epoch 68/100

Epoch 68: val_loss did not improve from 0.28935
14/14 - 0s - loss: 0.0463 - mae: 0.1092 - val_loss: 0.3575 - val_mae: 0.3593 - 454ms/epoch - 32ms/step
Epoch 69/100

Epoch 69: val_loss did not improve from 0.28935
14/14 - 0s - loss: 0.0476 - mae: 0.1061 - val_loss: 0.3486 - val_mae: 0.3530 - 473ms/epoch - 34ms/step
Epoch 70/100

Epoch 70: val_loss did not improve from 0.28935
14/14 - 0s - loss: 0.0573 - mae: 0.1126 - val_loss: 0.3604 - val_mae: 0.3713 - 464ms/epoch - 33ms/step
Epoch 71/100

Epoch 71: val_loss did not improve from 0.28935
14/14 - 0s - loss: 0.0428 - mae: 0.0966 - val_loss: 0.3228 - val_mae: 0.3552 - 464ms/epoch - 33ms/step
Epoch 72/100

Epoch 72: val_loss did not improve from 0.28935
14/14 - 0s - loss: 0.0436 - mae: 0.0986 - val_loss: 0.3314 - val_mae: 0.3645 - 462ms/epoch - 33ms/step
Epoch 73/100

Epoch 73: val_loss did not improve from 0.28935
14/14 - 0s - loss: 0.0393 - mae: 0.0962 - val_loss: 0.3396 - val_mae: 0.3558 - 462ms/epoch - 33ms/step
Epoch 74/100

Epoch 74: val_loss did not improve from 0.28935
14/14 - 0s - loss: 0.0420 - mae: 0.0938 - val_loss: 0.3772 - val_mae: 0.3739 - 464ms/epoch - 33ms/step
Epoch 75/100

Epoch 75: val_loss did not improve from 0.28935
14/14 - 0s - loss: 0.0556 - mae: 0.1209 - val_loss: 0.3160 - val_mae: 0.3492 - 461ms/epoch - 33ms/step
Epoch 76/100

Epoch 76: val_loss did not improve from 0.28935
14/14 - 0s - loss: 0.0578 - mae: 0.1170 - val_loss: 0.3521 - val_mae: 0.3613 - 453ms/epoch - 32ms/step
Epoch 77/100

Epoch 77: val_loss did not improve from 0.28935
14/14 - 0s - loss: 0.0484 - mae: 0.1117 - val_loss: 0.3808 - val_mae: 0.3781 - 461ms/epoch - 33ms/step
Epoch 78/100

Epoch 78: val_loss did not improve from 0.28935
14/14 - 0s - loss: 0.0477 - mae: 0.1140 - val_loss: 0.3351 - val_mae: 0.3509 - 462ms/epoch - 33ms/step
Epoch 79/100

Epoch 79: val_loss did not improve from 0.28935
14/14 - 0s - loss: 0.0439 - mae: 0.1070 - val_loss: 0.3953 - val_mae: 0.3811 - 463ms/epoch - 33ms/step
Epoch 80/100

Epoch 80: val_loss did not improve from 0.28935
14/14 - 0s - loss: 0.0691 - mae: 0.1351 - val_loss: 0.3912 - val_mae: 0.3835 - 492ms/epoch - 35ms/step
Epoch 81/100

Epoch 81: val_loss did not improve from 0.28935
14/14 - 0s - loss: 0.0669 - mae: 0.1290 - val_loss: 0.3424 - val_mae: 0.3591 - 462ms/epoch - 33ms/step
Epoch 82/100

Epoch 82: val_loss did not improve from 0.28935
14/14 - 0s - loss: 0.0482 - mae: 0.1146 - val_loss: 0.3351 - val_mae: 0.3598 - 460ms/epoch - 33ms/step
Epoch 83/100

Epoch 83: val_loss did not improve from 0.28935
14/14 - 0s - loss: 0.0423 - mae: 0.1014 - val_loss: 0.3654 - val_mae: 0.3862 - 462ms/epoch - 33ms/step
Epoch 84/100

Epoch 84: val_loss did not improve from 0.28935
14/14 - 0s - loss: 0.0398 - mae: 0.0994 - val_loss: 0.3736 - val_mae: 0.3815 - 453ms/epoch - 32ms/step
Epoch 85/100

Epoch 85: val_loss did not improve from 0.28935
14/14 - 0s - loss: 0.0417 - mae: 0.0982 - val_loss: 0.3490 - val_mae: 0.3607 - 463ms/epoch - 33ms/step
Epoch 86/100

Epoch 86: val_loss did not improve from 0.28935
14/14 - 0s - loss: 0.0438 - mae: 0.0926 - val_loss: 0.3501 - val_mae: 0.3770 - 462ms/epoch - 33ms/step
Epoch 87/100

Epoch 87: val_loss did not improve from 0.28935
14/14 - 0s - loss: 0.0365 - mae: 0.0920 - val_loss: 0.3489 - val_mae: 0.3755 - 477ms/epoch - 34ms/step
Epoch 88/100

Epoch 88: val_loss did not improve from 0.28935
14/14 - 0s - loss: 0.0393 - mae: 0.0916 - val_loss: 0.3251 - val_mae: 0.3563 - 462ms/epoch - 33ms/step
Epoch 89/100

Epoch 89: val_loss did not improve from 0.28935
14/14 - 0s - loss: 0.0467 - mae: 0.0932 - val_loss: 0.4072 - val_mae: 0.3945 - 462ms/epoch - 33ms/step
Epoch 90/100

Epoch 90: val_loss did not improve from 0.28935
14/14 - 0s - loss: 0.0361 - mae: 0.0951 - val_loss: 0.3674 - val_mae: 0.3784 - 477ms/epoch - 34ms/step
Epoch 91/100

Epoch 91: val_loss did not improve from 0.28935
14/14 - 0s - loss: 0.0316 - mae: 0.0850 - val_loss: 0.3722 - val_mae: 0.3754 - 461ms/epoch - 33ms/step
Epoch 92/100

Epoch 92: val_loss did not improve from 0.28935
14/14 - 1s - loss: 0.0429 - mae: 0.0987 - val_loss: 0.3380 - val_mae: 0.3699 - 586ms/epoch - 42ms/step
Epoch 93/100

Epoch 93: val_loss did not improve from 0.28935
14/14 - 0s - loss: 0.0582 - mae: 0.1049 - val_loss: 0.3350 - val_mae: 0.3624 - 461ms/epoch - 33ms/step
Epoch 94/100

Epoch 94: val_loss did not improve from 0.28935
14/14 - 0s - loss: 0.0452 - mae: 0.0924 - val_loss: 0.3769 - val_mae: 0.3828 - 469ms/epoch - 34ms/step
Epoch 95/100

Epoch 95: val_loss did not improve from 0.28935
14/14 - 0s - loss: 0.0461 - mae: 0.0981 - val_loss: 0.3513 - val_mae: 0.3582 - 458ms/epoch - 33ms/step
Epoch 96/100

Epoch 96: val_loss did not improve from 0.28935
14/14 - 0s - loss: 0.0483 - mae: 0.1001 - val_loss: 0.3681 - val_mae: 0.3730 - 465ms/epoch - 33ms/step
Epoch 97/100

Epoch 97: val_loss did not improve from 0.28935
14/14 - 0s - loss: 0.0407 - mae: 0.0939 - val_loss: 0.3663 - val_mae: 0.3837 - 462ms/epoch - 33ms/step
Epoch 98/100

Epoch 98: val_loss did not improve from 0.28935
14/14 - 0s - loss: 0.0309 - mae: 0.0857 - val_loss: 0.3617 - val_mae: 0.3734 - 475ms/epoch - 34ms/step
Epoch 99/100

Epoch 99: val_loss did not improve from 0.28935
14/14 - 0s - loss: 0.0363 - mae: 0.0877 - val_loss: 0.3911 - val_mae: 0.3900 - 493ms/epoch - 35ms/step
Epoch 100/100

Epoch 100: val_loss did not improve from 0.28935
14/14 - 0s - loss: 0.0370 - mae: 0.0848 - val_loss: 0.3718 - val_mae: 0.3812 - 494ms/epoch - 35ms/step

1/3 [=========>....................] - ETA: 0s - loss: 0.1075 - mae: 0.1945
3/3 [==============================] - 0s 8ms/step - loss: 0.2894 - mae: 0.3099
Test Loss: 0.28935113549232483
Test MAE: 0.3099099397659302
Optimal Epoch: 10 loss: 0.28935113549232483

1/3 [=========>....................] - ETA: 0s
3/3 [==============================] - 0s 8ms/step
[[ 1.        -0.0352115]
 [-0.0352115  1.       ]]
