Model: "model"
_________________________________________________________________
 Layer (type)                Output Shape              Param #   
=================================================================
 input_1 (InputLayer)        [(None, 978, 2)]          0         
                                                                 
 flatten (Flatten)           (None, 1956)              0         
                                                                 
 dense (Dense)               (None, 1024)              2003968   
                                                                 
 dropout (Dropout)           (None, 1024)              0         
                                                                 
 dense_1 (Dense)             (None, 512)               524800    
                                                                 
 dropout_1 (Dropout)         (None, 512)               0         
                                                                 
 dense_2 (Dense)             (None, 256)               131328    
                                                                 
 dropout_2 (Dropout)         (None, 256)               0         
                                                                 
 dense_3 (Dense)             (None, 128)               32896     
                                                                 
 dropout_3 (Dropout)         (None, 128)               0         
                                                                 
 dense_4 (Dense)             (None, 56)                7224      
                                                                 
 dense_5 (Dense)             (None, 1)                 57        
                                                                 
=================================================================
Total params: 2700273 (10.30 MB)
Trainable params: 2700273 (10.30 MB)
Non-trainable params: 0 (0.00 Byte)
_________________________________________________________________
None
Epoch 1/60

Epoch 1: val_loss improved from inf to 1.26621, saving model to sequential_results_mda7+drug\sequential_weights_mda7+drug.h5
14/14 - 2s - loss: 1.0055 - mae: 0.7679 - val_loss: 1.2662 - val_mae: 0.8774 - 2s/epoch - 137ms/step
Epoch 2/60

Epoch 2: val_loss improved from 1.26621 to 1.19687, saving model to sequential_results_mda7+drug\sequential_weights_mda7+drug.h5
14/14 - 1s - loss: 1.0835 - mae: 0.8038 - val_loss: 1.1969 - val_mae: 0.8727 - 540ms/epoch - 39ms/step
Epoch 3/60

Epoch 3: val_loss improved from 1.19687 to 1.16678, saving model to sequential_results_mda7+drug\sequential_weights_mda7+drug.h5
14/14 - 1s - loss: 1.0104 - mae: 0.7820 - val_loss: 1.1668 - val_mae: 0.8837 - 542ms/epoch - 39ms/step
Epoch 4/60

Epoch 4: val_loss improved from 1.16678 to 1.14608, saving model to sequential_results_mda7+drug\sequential_weights_mda7+drug.h5
14/14 - 1s - loss: 1.0323 - mae: 0.7761 - val_loss: 1.1461 - val_mae: 0.8642 - 618ms/epoch - 44ms/step
Epoch 5/60

Epoch 5: val_loss improved from 1.14608 to 1.10653, saving model to sequential_results_mda7+drug\sequential_weights_mda7+drug.h5
14/14 - 1s - loss: 0.9487 - mae: 0.7580 - val_loss: 1.1065 - val_mae: 0.8494 - 540ms/epoch - 39ms/step
Epoch 6/60

Epoch 6: val_loss did not improve from 1.10653
14/14 - 0s - loss: 0.8983 - mae: 0.7318 - val_loss: 1.1129 - val_mae: 0.8307 - 463ms/epoch - 33ms/step
Epoch 7/60

Epoch 7: val_loss did not improve from 1.10653
14/14 - 0s - loss: 0.8247 - mae: 0.7157 - val_loss: 1.1149 - val_mae: 0.8328 - 468ms/epoch - 33ms/step
Epoch 8/60

Epoch 8: val_loss improved from 1.10653 to 1.08487, saving model to sequential_results_mda7+drug\sequential_weights_mda7+drug.h5
14/14 - 1s - loss: 0.7440 - mae: 0.6513 - val_loss: 1.0849 - val_mae: 0.8182 - 574ms/epoch - 41ms/step
Epoch 9/60

Epoch 9: val_loss did not improve from 1.08487
14/14 - 0s - loss: 0.6177 - mae: 0.5887 - val_loss: 1.1849 - val_mae: 0.8656 - 481ms/epoch - 34ms/step
Epoch 10/60

Epoch 10: val_loss did not improve from 1.08487
14/14 - 0s - loss: 0.6303 - mae: 0.6009 - val_loss: 1.1275 - val_mae: 0.8436 - 466ms/epoch - 33ms/step
Epoch 11/60

Epoch 11: val_loss improved from 1.08487 to 1.04954, saving model to sequential_results_mda7+drug\sequential_weights_mda7+drug.h5
14/14 - 1s - loss: 0.5777 - mae: 0.5808 - val_loss: 1.0495 - val_mae: 0.8110 - 548ms/epoch - 39ms/step
Epoch 12/60

Epoch 12: val_loss did not improve from 1.04954
14/14 - 0s - loss: 0.5221 - mae: 0.5372 - val_loss: 1.0972 - val_mae: 0.8537 - 453ms/epoch - 32ms/step
Epoch 13/60

Epoch 13: val_loss did not improve from 1.04954
14/14 - 0s - loss: 0.4708 - mae: 0.5326 - val_loss: 1.1469 - val_mae: 0.8646 - 463ms/epoch - 33ms/step
Epoch 14/60

Epoch 14: val_loss did not improve from 1.04954
14/14 - 0s - loss: 0.4098 - mae: 0.4921 - val_loss: 1.0600 - val_mae: 0.8163 - 462ms/epoch - 33ms/step
Epoch 15/60

Epoch 15: val_loss improved from 1.04954 to 1.00296, saving model to sequential_results_mda7+drug\sequential_weights_mda7+drug.h5
14/14 - 1s - loss: 0.4244 - mae: 0.4846 - val_loss: 1.0030 - val_mae: 0.7980 - 546ms/epoch - 39ms/step
Epoch 16/60

Epoch 16: val_loss did not improve from 1.00296
14/14 - 0s - loss: 0.3351 - mae: 0.4311 - val_loss: 1.1264 - val_mae: 0.8405 - 458ms/epoch - 33ms/step
Epoch 17/60

Epoch 17: val_loss did not improve from 1.00296
14/14 - 0s - loss: 0.3574 - mae: 0.4431 - val_loss: 1.0801 - val_mae: 0.8645 - 474ms/epoch - 34ms/step
Epoch 18/60

Epoch 18: val_loss did not improve from 1.00296
14/14 - 0s - loss: 0.3079 - mae: 0.4140 - val_loss: 1.0366 - val_mae: 0.8107 - 464ms/epoch - 33ms/step
Epoch 19/60

Epoch 19: val_loss did not improve from 1.00296
14/14 - 1s - loss: 0.2725 - mae: 0.3827 - val_loss: 1.0215 - val_mae: 0.7987 - 522ms/epoch - 37ms/step
Epoch 20/60

Epoch 20: val_loss did not improve from 1.00296
14/14 - 0s - loss: 0.3025 - mae: 0.3974 - val_loss: 1.1582 - val_mae: 0.8832 - 468ms/epoch - 33ms/step
Epoch 21/60

Epoch 21: val_loss did not improve from 1.00296
14/14 - 0s - loss: 0.3125 - mae: 0.3994 - val_loss: 1.0649 - val_mae: 0.8112 - 447ms/epoch - 32ms/step
Epoch 22/60

Epoch 22: val_loss did not improve from 1.00296
14/14 - 0s - loss: 0.2515 - mae: 0.3731 - val_loss: 1.0388 - val_mae: 0.8106 - 474ms/epoch - 34ms/step
Epoch 23/60

Epoch 23: val_loss did not improve from 1.00296
14/14 - 0s - loss: 0.2591 - mae: 0.3609 - val_loss: 1.0521 - val_mae: 0.8118 - 460ms/epoch - 33ms/step
Epoch 24/60

Epoch 24: val_loss did not improve from 1.00296
14/14 - 0s - loss: 0.2694 - mae: 0.3810 - val_loss: 1.0479 - val_mae: 0.8157 - 479ms/epoch - 34ms/step
Epoch 25/60

Epoch 25: val_loss did not improve from 1.00296
14/14 - 0s - loss: 0.2773 - mae: 0.3952 - val_loss: 1.1164 - val_mae: 0.8807 - 462ms/epoch - 33ms/step
Epoch 26/60

Epoch 26: val_loss did not improve from 1.00296
14/14 - 0s - loss: 0.2851 - mae: 0.3835 - val_loss: 1.1615 - val_mae: 0.8507 - 461ms/epoch - 33ms/step
Epoch 27/60

Epoch 27: val_loss did not improve from 1.00296
14/14 - 0s - loss: 0.2300 - mae: 0.3519 - val_loss: 1.0657 - val_mae: 0.8268 - 463ms/epoch - 33ms/step
Epoch 28/60

Epoch 28: val_loss did not improve from 1.00296
14/14 - 0s - loss: 0.2156 - mae: 0.3253 - val_loss: 1.0640 - val_mae: 0.8083 - 457ms/epoch - 33ms/step
Epoch 29/60

Epoch 29: val_loss did not improve from 1.00296
14/14 - 0s - loss: 0.1928 - mae: 0.3090 - val_loss: 1.1287 - val_mae: 0.8669 - 462ms/epoch - 33ms/step
Epoch 30/60

Epoch 30: val_loss did not improve from 1.00296
14/14 - 0s - loss: 0.1835 - mae: 0.2928 - val_loss: 1.0644 - val_mae: 0.8186 - 470ms/epoch - 34ms/step
Epoch 31/60

Epoch 31: val_loss did not improve from 1.00296
14/14 - 0s - loss: 0.1737 - mae: 0.2849 - val_loss: 1.1173 - val_mae: 0.8317 - 454ms/epoch - 32ms/step
Epoch 32/60

Epoch 32: val_loss did not improve from 1.00296
14/14 - 0s - loss: 0.1921 - mae: 0.2944 - val_loss: 1.0859 - val_mae: 0.8213 - 464ms/epoch - 33ms/step
Epoch 33/60

Epoch 33: val_loss did not improve from 1.00296
14/14 - 0s - loss: 0.1489 - mae: 0.2661 - val_loss: 1.1200 - val_mae: 0.8772 - 462ms/epoch - 33ms/step
Epoch 34/60

Epoch 34: val_loss did not improve from 1.00296
14/14 - 0s - loss: 0.1692 - mae: 0.2778 - val_loss: 1.0863 - val_mae: 0.8308 - 463ms/epoch - 33ms/step
Epoch 35/60

Epoch 35: val_loss did not improve from 1.00296
14/14 - 0s - loss: 0.1671 - mae: 0.2889 - val_loss: 1.1352 - val_mae: 0.8483 - 463ms/epoch - 33ms/step
Epoch 36/60

Epoch 36: val_loss did not improve from 1.00296
14/14 - 0s - loss: 0.1493 - mae: 0.2644 - val_loss: 1.1408 - val_mae: 0.8624 - 463ms/epoch - 33ms/step
Epoch 37/60

Epoch 37: val_loss did not improve from 1.00296
14/14 - 0s - loss: 0.1693 - mae: 0.2790 - val_loss: 1.1041 - val_mae: 0.8350 - 461ms/epoch - 33ms/step
Epoch 38/60

Epoch 38: val_loss did not improve from 1.00296
14/14 - 0s - loss: 0.1757 - mae: 0.2796 - val_loss: 1.1689 - val_mae: 0.8687 - 471ms/epoch - 34ms/step
Epoch 39/60

Epoch 39: val_loss did not improve from 1.00296
14/14 - 0s - loss: 0.1500 - mae: 0.2647 - val_loss: 1.0782 - val_mae: 0.8269 - 448ms/epoch - 32ms/step
Epoch 40/60

Epoch 40: val_loss did not improve from 1.00296
14/14 - 0s - loss: 0.1934 - mae: 0.2935 - val_loss: 1.0749 - val_mae: 0.8249 - 462ms/epoch - 33ms/step
Epoch 41/60

Epoch 41: val_loss did not improve from 1.00296
14/14 - 0s - loss: 0.1735 - mae: 0.2772 - val_loss: 1.1129 - val_mae: 0.8350 - 480ms/epoch - 34ms/step
Epoch 42/60

Epoch 42: val_loss did not improve from 1.00296
14/14 - 1s - loss: 0.1730 - mae: 0.2864 - val_loss: 1.1526 - val_mae: 0.8651 - 509ms/epoch - 36ms/step
Epoch 43/60

Epoch 43: val_loss did not improve from 1.00296
14/14 - 0s - loss: 0.1377 - mae: 0.2542 - val_loss: 1.1143 - val_mae: 0.8484 - 462ms/epoch - 33ms/step
Epoch 44/60

Epoch 44: val_loss did not improve from 1.00296
14/14 - 0s - loss: 0.1369 - mae: 0.2389 - val_loss: 1.1433 - val_mae: 0.8427 - 459ms/epoch - 33ms/step
Epoch 45/60

Epoch 45: val_loss did not improve from 1.00296
14/14 - 0s - loss: 0.1418 - mae: 0.2554 - val_loss: 1.1325 - val_mae: 0.8518 - 479ms/epoch - 34ms/step
Epoch 46/60

Epoch 46: val_loss did not improve from 1.00296
14/14 - 0s - loss: 0.1466 - mae: 0.2611 - val_loss: 1.1172 - val_mae: 0.8477 - 478ms/epoch - 34ms/step
Epoch 47/60

Epoch 47: val_loss did not improve from 1.00296
14/14 - 0s - loss: 0.1299 - mae: 0.2443 - val_loss: 1.1291 - val_mae: 0.8547 - 462ms/epoch - 33ms/step
Epoch 48/60

Epoch 48: val_loss did not improve from 1.00296
14/14 - 0s - loss: 0.1323 - mae: 0.2413 - val_loss: 1.1394 - val_mae: 0.8605 - 453ms/epoch - 32ms/step
Epoch 49/60

Epoch 49: val_loss did not improve from 1.00296
14/14 - 0s - loss: 0.1453 - mae: 0.2650 - val_loss: 1.1001 - val_mae: 0.8489 - 458ms/epoch - 33ms/step
Epoch 50/60

Epoch 50: val_loss did not improve from 1.00296
14/14 - 0s - loss: 0.1258 - mae: 0.2337 - val_loss: 1.1123 - val_mae: 0.8355 - 464ms/epoch - 33ms/step
Epoch 51/60

Epoch 51: val_loss did not improve from 1.00296
14/14 - 0s - loss: 0.1254 - mae: 0.2293 - val_loss: 1.1284 - val_mae: 0.8691 - 462ms/epoch - 33ms/step
Epoch 52/60

Epoch 52: val_loss did not improve from 1.00296
14/14 - 0s - loss: 0.1207 - mae: 0.2337 - val_loss: 1.1480 - val_mae: 0.8491 - 463ms/epoch - 33ms/step
Epoch 53/60

Epoch 53: val_loss did not improve from 1.00296
14/14 - 0s - loss: 0.1249 - mae: 0.2386 - val_loss: 1.0984 - val_mae: 0.8280 - 461ms/epoch - 33ms/step
Epoch 54/60

Epoch 54: val_loss did not improve from 1.00296
14/14 - 0s - loss: 0.1124 - mae: 0.2202 - val_loss: 1.1229 - val_mae: 0.8534 - 464ms/epoch - 33ms/step
Epoch 55/60

Epoch 55: val_loss did not improve from 1.00296
14/14 - 0s - loss: 0.1111 - mae: 0.2136 - val_loss: 1.1310 - val_mae: 0.8501 - 477ms/epoch - 34ms/step
Epoch 56/60

Epoch 56: val_loss did not improve from 1.00296
14/14 - 0s - loss: 0.1230 - mae: 0.2325 - val_loss: 1.1849 - val_mae: 0.8922 - 454ms/epoch - 32ms/step
Epoch 57/60

Epoch 57: val_loss did not improve from 1.00296
14/14 - 0s - loss: 0.1368 - mae: 0.2541 - val_loss: 1.1554 - val_mae: 0.8547 - 463ms/epoch - 33ms/step
Epoch 58/60

Epoch 58: val_loss did not improve from 1.00296
14/14 - 0s - loss: 0.1142 - mae: 0.2188 - val_loss: 1.1105 - val_mae: 0.8370 - 462ms/epoch - 33ms/step
Epoch 59/60

Epoch 59: val_loss did not improve from 1.00296
14/14 - 0s - loss: 0.1042 - mae: 0.2097 - val_loss: 1.0895 - val_mae: 0.8393 - 462ms/epoch - 33ms/step
Epoch 60/60

Epoch 60: val_loss did not improve from 1.00296
14/14 - 0s - loss: 0.1015 - mae: 0.2074 - val_loss: 1.1414 - val_mae: 0.8535 - 469ms/epoch - 33ms/step

1/3 [=========>....................] - ETA: 0s - loss: 0.7551 - mae: 0.6367
3/3 [==============================] - 0s 8ms/step - loss: 1.0030 - mae: 0.7980
Test Loss: 1.002959132194519
Test MAE: 0.7979735136032104
Optimal Epoch: 15 loss: 1.002959132194519

1/3 [=========>....................] - ETA: 0s
3/3 [==============================] - 0s 0s/step
[[1.         0.39428112]
 [0.39428112 1.        ]]
